app/build/intermediates/manifest_merge_blame_file/release/manifest-merger-blame-release-report.txt
1<?xml version="1.0" encoding="utf-8"?>
2<manifest xmlns:android="http://schemas.android.com/apk/res/android"
3    package="kr.ac.inu.deepect.arnavigation"
4    android:versionCode="1"
5    android:versionName="1.0" >
6
7    <uses-sdk
8        android:minSdkVersion="17"
8-->src\main\AndroidManifest.xml
9        android:targetSdkVersion="29" />
9-->src\main\AndroidManifest.xml
10
11    <uses-permission android:name="android.permission.CAMERA" />
11-->src\main\AndroidManifest.xml:7:5-65
11-->src\main\AndroidManifest.xml:7:22-62
12    <uses-permission android:name="android.permission.ACCESS_COARSE_LOCATION" />
12-->src\main\AndroidManifest.xml:8:5-81
12-->src\main\AndroidManifest.xml:8:22-78
13    <uses-permission android:name="android.permission.ACCESS_FINE_LOCATION" />
13-->src\main\AndroidManifest.xml:9:5-79
13-->src\main\AndroidManifest.xml:9:22-76
14    <uses-permission android:name="android.permission.INTERNET" />
14-->src\main\AndroidManifest.xml:11:5-66
14-->src\main\AndroidManifest.xml:11:22-64
15    <uses-permission android:name="android.permission.ACCESS_NETWORK_STATE" />
15-->src\main\AndroidManifest.xml:12:5-78
15-->src\main\AndroidManifest.xml:12:22-76
16    <uses-permission android:name="android.permission.WRITE_OWNER_DATA" />
16-->src\main\AndroidManifest.xml:13:5-74
16-->src\main\AndroidManifest.xml:13:22-72
17    <uses-permission android:name="android.permission.READ_OWNER_DATA" />
17-->src\main\AndroidManifest.xml:14:5-73
17-->src\main\AndroidManifest.xml:14:22-71
18    <uses-permission android:name="android.permission.WRITE_EXTERNAL_STORAGE" />
18-->src\main\AndroidManifest.xml:15:5-80
18-->src\main\AndroidManifest.xml:15:22-78
19    <uses-permission android:name="android.permission.READ_EXTERNAL_STORAGE" />
19-->src\main\AndroidManifest.xml:16:5-79
19-->src\main\AndroidManifest.xml:16:22-77
20
21    <uses-feature
21-->src\main\AndroidManifest.xml:18:5-86
22        android:name="android.hardware.camera.ar"
22-->src\main\AndroidManifest.xml:18:19-60
23        android:required="true" />
23-->src\main\AndroidManifest.xml:18:61-84
24
25    <application
25-->src\main\AndroidManifest.xml:20:5-74:19
26        android:allowBackup="true"
26-->src\main\AndroidManifest.xml:21:9-35
27        android:appComponentFactory="androidx.core.app.CoreComponentFactory"
27-->[androidx.core:core:1.2.0] AndroidManifest.xml:24:18-86
28        android:icon="@mipmap/ic_launcher_arnavi"
28-->src\main\AndroidManifest.xml:22:9-50
29        android:label="@string/app_name"
29-->src\main\AndroidManifest.xml:23:9-41
30        android:roundIcon="@mipmap/ic_launcher_arnavi"
30-->src\main\AndroidManifest.xml:24:9-55
31        android:supportsRtl="true"
31-->src\main\AndroidManifest.xml:25:9-35
32        android:theme="@style/AppTheme" >
32-->src\main\AndroidManifest.xml:26:9-40
33        <provider
34            android:name="androidx.core.content.FileProvider"
34-->src\main\AndroidManifest.xml:29:13-62
35            android:authorities="kr.ac.inu.deepect.arnavigation.ar.codelab.name.provider"
35-->src\main\AndroidManifest.xml:30:13-76
36            android:exported="false"
36-->src\main\AndroidManifest.xml:31:13-37
37            android:grantUriPermissions="true" >
37-->src\main\AndroidManifest.xml:32:13-47
38            <meta-data
38-->src\main\AndroidManifest.xml:33:13-35:48
39                android:name="android.support.FILE_PROVIDER_PATHS"
39-->src\main\AndroidManifest.xml:34:17-67
40                android:resource="@xml/paths" />
40-->src\main\AndroidManifest.xml:35:17-46
41        </provider>
42
43        <meta-data
43-->src\main\AndroidManifest.xml:37:9-81
44            android:name="com.google.ar.core"
44-->src\main\AndroidManifest.xml:37:20-53
45            android:value="required" />
45-->src\main\AndroidManifest.xml:37:54-78
46
47        <activity
47-->src\main\AndroidManifest.xml:39:9-49:20
48            android:name="kr.ac.inu.deepect.arnavigation.navigation.SplashScreen"
48-->src\main\AndroidManifest.xml:40:13-82
49            android:screenOrientation="fullUser"
49-->src\main\AndroidManifest.xml:41:13-49
50            android:theme="@style/AppTheme.NoActionBar" >
50-->src\main\AndroidManifest.xml:42:13-56
51            <intent-filter>
51-->src\main\AndroidManifest.xml:44:13-48:29
52                <action android:name="android.intent.action.MAIN" />
52-->src\main\AndroidManifest.xml:45:17-69
52-->src\main\AndroidManifest.xml:45:25-66
53                <action android:name="android.intent.action.VIEW" />
53-->src\main\AndroidManifest.xml:46:17-68
53-->src\main\AndroidManifest.xml:46:25-66
54
55                <category android:name="android.intent.category.LAUNCHER" />
55-->src\main\AndroidManifest.xml:47:17-77
55-->src\main\AndroidManifest.xml:47:27-74
56            </intent-filter>
57        </activity>
58        <activity
58-->src\main\AndroidManifest.xml:51:9-54:58
59            android:name="kr.ac.inu.deepect.arnavigation.navigation.MainActivity"
59-->src\main\AndroidManifest.xml:52:13-82
60            android:screenOrientation="fullUser"
60-->src\main\AndroidManifest.xml:53:13-49
61            android:theme="@style/AppTheme.NoActionBar" />
61-->src\main\AndroidManifest.xml:54:13-56
62        <activity
62-->src\main\AndroidManifest.xml:55:9-59:15
63            android:name="kr.ac.inu.deepect.arnavigation.navigation.SearchActivity"
63-->src\main\AndroidManifest.xml:56:13-84
64            android:label="장소 검색"
64-->src\main\AndroidManifest.xml:57:13-34
65            android:screenOrientation="fullUser" />
65-->src\main\AndroidManifest.xml:58:13-49
66        <activity
66-->src\main\AndroidManifest.xml:60:9-64:98
67            android:name="kr.ac.inu.deepect.arnavigation.navigation.HistoryActivity"
67-->src\main\AndroidManifest.xml:61:13-85
68            android:label="최근 기록"
68-->src\main\AndroidManifest.xml:62:13-34
69            android:parentActivityName="kr.ac.inu.deepect.arnavigation.navigation.MainActivity"
69-->src\main\AndroidManifest.xml:64:13-96
70            android:screenOrientation="fullUser" />
70-->src\main\AndroidManifest.xml:63:13-49
71        <activity
71-->src\main\AndroidManifest.xml:66:9-72:20
72            android:name="kr.ac.inu.deepect.arnavigation.ARActivity"
72-->src\main\AndroidManifest.xml:67:13-69
73            android:configChanges="orientation|screenSize"
73-->src\main\AndroidManifest.xml:69:13-59
74            android:exported="true"
74-->src\main\AndroidManifest.xml:71:13-36
75            android:label="@string/app_name"
75-->src\main\AndroidManifest.xml:68:13-45
76            android:theme="@style/Theme.AppCompat.NoActionBar" >
76-->src\main\AndroidManifest.xml:70:13-63
77        </activity>
78
79        <provider
79-->[androidx.lifecycle:lifecycle-process:2.2.0] AndroidManifest.xml:25:9-29:43
80            android:name="androidx.lifecycle.ProcessLifecycleOwnerInitializer"
80-->[androidx.lifecycle:lifecycle-process:2.2.0] AndroidManifest.xml:26:13-79
81            android:authorities="kr.ac.inu.deepect.arnavigation.lifecycle-process"
81-->[androidx.lifecycle:lifecycle-process:2.2.0] AndroidManifest.xml:27:13-69
82            android:exported="false"
82-->[androidx.lifecycle:lifecycle-process:2.2.0] AndroidManifest.xml:28:13-37
83            android:multiprocess="true" /> <!-- The minimal version code of ARCore APK required for an app using this SDK. -->
83-->[androidx.lifecycle:lifecycle-process:2.2.0] AndroidManifest.xml:29:13-40
84        <meta-data
84-->[com.google.ar:core:1.15.0] AndroidManifest.xml:33:9-35:41
85            android:name="com.google.ar.core.min_apk_version"
85-->[com.google.ar:core:1.15.0] AndroidManifest.xml:34:13-62
86            android:value="191106000" /> <!-- This activity is critical for installing ARCore when it is not already present. -->
86-->[com.google.ar:core:1.15.0] AndroidManifest.xml:35:13-38
87        <activity
87-->[com.google.ar:core:1.15.0] AndroidManifest.xml:37:9-43:80
88            android:name="com.google.ar.core.InstallActivity"
88-->[com.google.ar:core:1.15.0] AndroidManifest.xml:38:13-62
89            android:configChanges="keyboardHidden|orientation|screenSize"
89-->[com.google.ar:core:1.15.0] AndroidManifest.xml:39:13-74
90            android:excludeFromRecents="true"
90-->[com.google.ar:core:1.15.0] AndroidManifest.xml:40:13-46
91            android:exported="false"
91-->[com.google.ar:core:1.15.0] AndroidManifest.xml:41:13-37
92            android:launchMode="singleTop"
92-->[com.google.ar:core:1.15.0] AndroidManifest.xml:42:13-43
93            android:theme="@android:style/Theme.Material.Light.Dialog.Alert" />
93-->[com.google.ar:core:1.15.0] AndroidManifest.xml:43:13-77
94    </application>
95
96</manifest>